Arguments: 
  /data/data/com.termux/files/usr/bin/node /data/data/com.termux/files/usr/share/yarn/bin/yarn.js

PATH: 
  /data/data/com.termux/files/usr/bin

Yarn version: 
  1.22.19

Node version: 
  18.12.1

Platform: 
  android arm

Trace: 
  Error: EPERM: operation not permitted, symlink '../../../../pino/bin.js' -> '/storage/emulated/0/Download/reuzsc-main/node_modules/@adiwajshing/baileys/node_modules/.bin/pino'

npm manifest: 
  {
    "name": "BetaBOT",
    "version": "1.0.0",
    "description": "bot wa yang mudah untuk digunakan",
    "main": "index.js",
    "directories": {
      "lib": "lib"
    },
    "dependencies": {
      "@adiwajshing/baileys": "^3.2.1",
      "axios": "0.21.0",
      "bash": "0.0.1",
      "brainly-scraper": "^1.0.2",
      "cheerio": "^1.0.0-rc.3",
      "cloudconvert": "^2.1.5",
      "cwebp": "^2.0.5",
      "got": "^11.8.0",
      "gtts": "^0.2.1",
      "gulp": "^4.0.2",
      "gulp-webp": "^4.0.1",
      "image-to-base64": "^2.1.1",
      "moment": "^2.29.1",
      "node-gtts": "^2.0.2",
      "request": "^2.88.2",
      "text-to-mp3": "^1.0.4",
      "urlencode": "^1.1.0",
      "webp-simple-converter": "^0.0.6",
      "ytdl": "^1.3.5",
      "ytdl-core": "^3.4.2"
    },
    "devDependencies": {},
    "scripts": {
      "test": "node index"
    },
    "repository": {
      "type": "git",
      "url": "git+https://github.com/benisadewa/reuzsc"
    },
    "keywords": [
      "k"
    ],
    "author": "Abdul Muttaqin",
    "license": "ISC",
    "bugs": {
      "url": "https://github.com/benisadewa/reuzsc/issues"
    },
    "homepage": "https://github.com/benisadewa/reuzsc#readme"
  }

yarn manifest: 
  No manifest

Lockfile: 
  No lockfile
